Compiled jquery.js  (9ms)  (pid 5224)
Compiled jquery_ujs.js  (1ms)  (pid 5224)
Compiled home.js  (171ms)  (pid 5224)
Compiled jobs.js  (1ms)  (pid 5224)
Compiled sessions.js  (1ms)  (pid 5224)
Compiled users.js  (1ms)  (pid 5224)
Compiled application.js  (281ms)  (pid 5224)
Compiled home.css  (13ms)  (pid 5224)
Compiled jobs.css  (2ms)  (pid 5224)
Compiled scaffolds.css  (103ms)  (pid 5224)
Compiled sessions.css  (2ms)  (pid 5224)
Compiled users.css  (2ms)  (pid 5224)
Compiled application.css  (188ms)  (pid 5224)
Compiled jquery.js  (9ms)  (pid 5224)
Compiled jquery_ujs.js  (0ms)  (pid 5224)
Compiled home.js  (143ms)  (pid 5224)
Compiled jobs.js  (1ms)  (pid 5224)
Compiled sessions.js  (1ms)  (pid 5224)
Compiled users.js  (1ms)  (pid 5224)
Compiled application.js  (216ms)  (pid 5224)
Compiled home.css  (5ms)  (pid 5224)
Compiled jobs.css  (2ms)  (pid 5224)
Compiled scaffolds.css  (27ms)  (pid 5224)
Compiled sessions.css  (2ms)  (pid 5224)
Compiled users.css  (2ms)  (pid 5224)
Compiled application.css  (157ms)  (pid 5224)
